Storage: read data file =/home/mitkof6/dev/groundForceReaction/src/dflow_method/inverse_dynamics/task_InverseDynamics.sto (nr=226 nc=20)
Storage: read data file =/home/mitkof6/dev/groundForceReaction/src/dflow_method/inverse_kinematics/task_InverseKinematics.mot (nr=151 nc=20)
Storage: read data file =/home/mitkof6/dev/groundForceReaction/src/dflow_method/inverse_dynamics/task_InverseDynamics.sto (nr=226 nc=20)
Storage: read data file =/home/mitkof6/dev/groundForceReaction/src/dflow_method/inverse_kinematics/task_InverseKinematics.mot (nr=151 nc=20)
Storage: read data file =/home/mitkof6/dev/groundForceReaction/src/dflow_method/inverse_dynamics/task_InverseDynamics.sto (nr=226 nc=20)
Storage: read data file =/home/mitkof6/dev/groundForceReaction/src/dflow_method/inverse_kinematics/task_InverseKinematics.mot (nr=151 nc=20)
Storage: read data file =/home/mitkof6/dev/groundForceReaction/src/dflow_method/inverse_dynamics/task_InverseDynamics.sto (nr=226 nc=20)
Updating Model file from 30000 to latest format...
Loaded model model_scaled from file /home/mitkof6/dev/groundForceReaction/src/dflow_method/scale/model_scaled.osim
ControllerSet 'Controllers' was renamed and is being reset to 'controllerset'.
ComponentSet 'MiscComponents' was renamed and is being reset to 'componentset'.
Updating Model file from 30000 to latest format...
Loaded model model_scaled from file /home/mitkof6/dev/groundForceReaction/src/dflow_method/scale/model_scaled.osim
ControllerSet 'Controllers' was renamed and is being reset to 'controllerset'.
ComponentSet 'MiscComponents' was renamed and is being reset to 'componentset'.
Storage: read data file =/home/mitkof6/dev/groundForceReaction/src/dflow_method/inverse_kinematics/task_InverseKinematics.mot (nr=151 nc=20)
Updating Model file from 30000 to latest format...
Loaded model model_scaled from file /home/mitkof6/dev/groundForceReaction/src/dflow_method/scale/model_scaled.osim
ControllerSet 'Controllers' was renamed and is being reset to 'controllerset'.
ComponentSet 'MiscComponents' was renamed and is being reset to 'componentset'.
Storage: read data file =/home/mitkof6/dev/groundForceReaction/src/dflow_method/inverse_dynamics/task_InverseDynamics.sto (nr=226 nc=20)
Updating Model file from 30000 to latest format...
Loaded model model_scaled from file /home/mitkof6/dev/groundForceReaction/src/dflow_method/scale/model_scaled.osim
ControllerSet 'Controllers' was renamed and is being reset to 'controllerset'.
ComponentSet 'MiscComponents' was renamed and is being reset to 'componentset'.
Storage: read data file =/home/mitkof6/dev/groundForceReaction/src/dflow_method/inverse_kinematics/task_InverseKinematics.mot (nr=151 nc=20)
Updating Model file from 30000 to latest format...
Loaded model model_scaled from file /home/mitkof6/dev/groundForceReaction/src/dflow_method/scale/model_scaled.osim
ControllerSet 'Controllers' was renamed and is being reset to 'controllerset'.
ComponentSet 'MiscComponents' was renamed and is being reset to 'componentset'.
Storage: read data file =/home/mitkof6/dev/groundForceReaction/src/dflow_method/inverse_dynamics/task_InverseDynamics.sto (nr=151 nc=20)
Updating Model file from 30000 to latest format...
Loaded model model_scaled from file /home/mitkof6/dev/groundForceReaction/src/dflow_method/scale/model_scaled.osim
ControllerSet 'Controllers' was renamed and is being reset to 'controllerset'.
ComponentSet 'MiscComponents' was renamed and is being reset to 'componentset'.
Storage: read data file =/home/mitkof6/dev/groundForceReaction/src/dflow_method/inverse_kinematics/task_InverseKinematics.mot (nr=151 nc=20)
Updating Model file from 30000 to latest format...
Loaded model model_scaled from file /home/mitkof6/dev/groundForceReaction/src/dflow_method/scale/model_scaled.osim
ControllerSet 'Controllers' was renamed and is being reset to 'controllerset'.
ComponentSet 'MiscComponents' was renamed and is being reset to 'componentset'.
Storage: read data file =/home/mitkof6/dev/groundForceReaction/src/dflow_method/inverse_dynamics/task_InverseDynamics.sto (nr=151 nc=20)
Updating Model file from 30000 to latest format...
Loaded model model_scaled from file /home/mitkof6/dev/groundForceReaction/src/dflow_method/scale/model_scaled.osim
ControllerSet 'Controllers' was renamed and is being reset to 'controllerset'.
ComponentSet 'MiscComponents' was renamed and is being reset to 'componentset'.
Storage: read data file =/home/mitkof6/dev/groundForceReaction/src/dflow_method/inverse_kinematics/task_InverseKinematics.mot (nr=151 nc=20)
Updating Model file from 30000 to latest format...
Loaded model model_scaled from file /home/mitkof6/dev/groundForceReaction/src/dflow_method/scale/model_scaled.osim
ControllerSet 'Controllers' was renamed and is being reset to 'controllerset'.
ComponentSet 'MiscComponents' was renamed and is being reset to 'componentset'.
Storage: read data file =/home/mitkof6/dev/groundForceReaction/src/dflow_method/inverse_dynamics/task_InverseDynamics.sto (nr=151 nc=20)
Updating Model file from 30000 to latest format...
Loaded model model_scaled from file /home/mitkof6/dev/groundForceReaction/src/dflow_method/scale/model_scaled.osim
ControllerSet 'Controllers' was renamed and is being reset to 'controllerset'.
ComponentSet 'MiscComponents' was renamed and is being reset to 'componentset'.
Storage: read data file =/home/mitkof6/dev/groundForceReaction/src/dflow_method/inverse_kinematics/task_InverseKinematics.mot (nr=151 nc=20)
Updating Model file from 30000 to latest format...
Loaded model model_scaled from file /home/mitkof6/dev/groundForceReaction/src/dflow_method/scale/model_scaled.osim
ControllerSet 'Controllers' was renamed and is being reset to 'controllerset'.
ComponentSet 'MiscComponents' was renamed and is being reset to 'componentset'.
Storage: read data file =/home/mitkof6/dev/groundForceReaction/src/dflow_method/inverse_dynamics/task_InverseDynamics.sto (nr=151 nc=20)
Updating Model file from 30000 to latest format...
Loaded model model_scaled from file /home/mitkof6/dev/groundForceReaction/src/dflow_method/scale/model_scaled.osim
ControllerSet 'Controllers' was renamed and is being reset to 'controllerset'.
ComponentSet 'MiscComponents' was renamed and is being reset to 'componentset'.
Storage: read data file =/home/mitkof6/dev/groundForceReaction/src/dflow_method/inverse_kinematics/task_InverseKinematics.mot (nr=151 nc=20)
Updating Model file from 30000 to latest format...
Loaded model model_scaled from file /home/mitkof6/dev/groundForceReaction/src/dflow_method/scale/model_scaled.osim
ControllerSet 'Controllers' was renamed and is being reset to 'controllerset'.
ComponentSet 'MiscComponents' was renamed and is being reset to 'componentset'.
Storage: read data file =/home/mitkof6/dev/groundForceReaction/src/dflow_method/inverse_dynamics/task_InverseDynamics.sto (nr=151 nc=20)
Updating Model file from 30000 to latest format...
Loaded model model_scaled from file /home/mitkof6/dev/groundForceReaction/src/dflow_method/scale/model_scaled.osim
ControllerSet 'Controllers' was renamed and is being reset to 'controllerset'.
ComponentSet 'MiscComponents' was renamed and is being reset to 'componentset'.
Storage: read data file =/home/mitkof6/dev/groundForceReaction/src/dflow_method/inverse_kinematics/task_InverseKinematics.mot (nr=151 nc=20)
Updating Model file from 30000 to latest format...
Loaded model model_scaled from file /home/mitkof6/dev/groundForceReaction/src/dflow_method/scale/model_scaled.osim
ControllerSet 'Controllers' was renamed and is being reset to 'controllerset'.
ComponentSet 'MiscComponents' was renamed and is being reset to 'componentset'.
Storage: read data file =/home/mitkof6/dev/groundForceReaction/src/dflow_method/inverse_dynamics/task_InverseDynamics.sto (nr=151 nc=20)
Updating Model file from 30000 to latest format...
Loaded model model_scaled from file /home/mitkof6/dev/groundForceReaction/src/dflow_method/scale/model_scaled.osim
ControllerSet 'Controllers' was renamed and is being reset to 'controllerset'.
ComponentSet 'MiscComponents' was renamed and is being reset to 'componentset'.
Storage: read data file =/home/mitkof6/dev/groundForceReaction/src/dflow_method/inverse_kinematics/task_InverseKinematics.mot (nr=151 nc=20)
Updating Model file from 30000 to latest format...
Loaded model model_scaled from file /home/mitkof6/dev/groundForceReaction/src/dflow_method/scale/model_scaled.osim
ControllerSet 'Controllers' was renamed and is being reset to 'controllerset'.
ComponentSet 'MiscComponents' was renamed and is being reset to 'componentset'.
Storage: read data file =/home/mitkof6/dev/groundForceReaction/src/dflow_method/inverse_dynamics/task_InverseDynamics.sto (nr=151 nc=20)
Updating Model file from 30000 to latest format...
Loaded model model_scaled from file /home/mitkof6/dev/groundForceReaction/src/dflow_method/scale/model_scaled.osim
ControllerSet 'Controllers' was renamed and is being reset to 'controllerset'.
ComponentSet 'MiscComponents' was renamed and is being reset to 'componentset'.
Storage: read data file =/home/mitkof6/dev/groundForceReaction/src/dflow_method/inverse_kinematics/task_InverseKinematics.mot (nr=151 nc=20)
Updating Model file from 30000 to latest format...
Loaded model model_scaled from file /home/mitkof6/dev/groundForceReaction/src/dflow_method/scale/model_scaled.osim
ControllerSet 'Controllers' was renamed and is being reset to 'controllerset'.
ComponentSet 'MiscComponents' was renamed and is being reset to 'componentset'.
Storage: read data file =/home/mitkof6/dev/groundForceReaction/src/dflow_method/inverse_dynamics/task_InverseDynamics.sto (nr=151 nc=20)
Updating Model file from 30000 to latest format...
Loaded model model_scaled from file /home/mitkof6/dev/groundForceReaction/src/dflow_method/scale/model_scaled.osim
ControllerSet 'Controllers' was renamed and is being reset to 'controllerset'.
ComponentSet 'MiscComponents' was renamed and is being reset to 'componentset'.
Storage: read data file =/home/mitkof6/dev/groundForceReaction/src/dflow_method/inverse_kinematics/task_InverseKinematics.mot (nr=151 nc=20)
Updating Model file from 30000 to latest format...
Loaded model model_scaled from file /home/mitkof6/dev/groundForceReaction/src/dflow_method/scale/model_scaled.osim
ControllerSet 'Controllers' was renamed and is being reset to 'controllerset'.
ComponentSet 'MiscComponents' was renamed and is being reset to 'componentset'.
Storage: read data file =/home/mitkof6/dev/groundForceReaction/src/dflow_method/inverse_dynamics/task_InverseDynamics.sto (nr=151 nc=20)
Updating Model file from 30000 to latest format...
Loaded model model_scaled from file /home/mitkof6/dev/groundForceReaction/src/dflow_method/scale/model_scaled.osim
ControllerSet 'Controllers' was renamed and is being reset to 'controllerset'.
ComponentSet 'MiscComponents' was renamed and is being reset to 'componentset'.
Storage: read data file =/home/mitkof6/dev/groundForceReaction/src/dflow_method/inverse_kinematics/task_InverseKinematics.mot (nr=151 nc=20)
Updating Model file from 30000 to latest format...
Loaded model model_scaled from file /home/mitkof6/dev/groundForceReaction/src/dflow_method/scale/model_scaled.osim
ControllerSet 'Controllers' was renamed and is being reset to 'controllerset'.
ComponentSet 'MiscComponents' was renamed and is being reset to 'componentset'.
Storage: read data file =/home/mitkof6/dev/groundForceReaction/src/dflow_method/inverse_dynamics/task_InverseDynamics.sto (nr=151 nc=20)
Updating Model file from 30000 to latest format...
Loaded model model_scaled from file /home/mitkof6/dev/groundForceReaction/src/dflow_method/scale/model_scaled.osim
ControllerSet 'Controllers' was renamed and is being reset to 'controllerset'.
ComponentSet 'MiscComponents' was renamed and is being reset to 'componentset'.
Storage: read data file =/home/mitkof6/dev/groundForceReaction/src/dflow_method/inverse_kinematics/task_InverseKinematics.mot (nr=151 nc=20)
Updating Model file from 30000 to latest format...
Loaded model model_scaled from file /home/mitkof6/dev/groundForceReaction/src/dflow_method/scale/model_scaled.osim
ControllerSet 'Controllers' was renamed and is being reset to 'controllerset'.
ComponentSet 'MiscComponents' was renamed and is being reset to 'componentset'.
Storage: read data file =/home/mitkof6/dev/groundForceReaction/src/dflow_method/inverse_dynamics/task_InverseDynamics.sto (nr=151 nc=20)
Updating Model file from 30000 to latest format...
Loaded model model_scaled from file /home/mitkof6/dev/groundForceReaction/src/dflow_method/scale/model_scaled.osim
ControllerSet 'Controllers' was renamed and is being reset to 'controllerset'.
ComponentSet 'MiscComponents' was renamed and is being reset to 'componentset'.
Storage: read data file =/home/mitkof6/dev/groundForceReaction/src/dflow_method/inverse_kinematics/task_InverseKinematics.mot (nr=151 nc=20)
Updating Model file from 30000 to latest format...
Loaded model model_scaled from file /home/mitkof6/dev/groundForceReaction/src/dflow_method/scale/model_scaled.osim
ControllerSet 'Controllers' was renamed and is being reset to 'controllerset'.
ComponentSet 'MiscComponents' was renamed and is being reset to 'componentset'.
Storage: read data file =/home/mitkof6/dev/groundForceReaction/src/dflow_method/inverse_dynamics/task_InverseDynamics.sto (nr=151 nc=20)
Updating Model file from 30000 to latest format...
Loaded model model_scaled from file /home/mitkof6/dev/groundForceReaction/src/dflow_method/scale/model_scaled.osim
ControllerSet 'Controllers' was renamed and is being reset to 'controllerset'.
ComponentSet 'MiscComponents' was renamed and is being reset to 'componentset'.
Storage: read data file =/home/mitkof6/dev/groundForceReaction/src/dflow_method/inverse_kinematics/task_InverseKinematics.mot (nr=151 nc=20)
Updating Model file from 30000 to latest format...
Loaded model model_scaled from file /home/mitkof6/dev/groundForceReaction/src/dflow_method/scale/model_scaled.osim
ControllerSet 'Controllers' was renamed and is being reset to 'controllerset'.
ComponentSet 'MiscComponents' was renamed and is being reset to 'componentset'.
Storage: read data file =/home/mitkof6/dev/groundForceReaction/src/dflow_method/inverse_dynamics/task_InverseDynamics.sto (nr=151 nc=20)
Updating Model file from 30000 to latest format...
Loaded model model_scaled from file /home/mitkof6/dev/groundForceReaction/src/dflow_method/scale/model_scaled.osim
ControllerSet 'Controllers' was renamed and is being reset to 'controllerset'.
ComponentSet 'MiscComponents' was renamed and is being reset to 'componentset'.
Storage: read data file =/home/mitkof6/dev/groundForceReaction/src/dflow_method/inverse_kinematics/task_InverseKinematics.mot (nr=151 nc=20)
Updating Model file from 30000 to latest format...
Loaded model model_scaled from file /home/mitkof6/dev/groundForceReaction/src/dflow_method/scale/model_scaled.osim
ControllerSet 'Controllers' was renamed and is being reset to 'controllerset'.
ComponentSet 'MiscComponents' was renamed and is being reset to 'componentset'.
Storage: read data file =/home/mitkof6/dev/groundForceReaction/src/dflow_method/inverse_dynamics/task_InverseDynamics.sto (nr=151 nc=20)
Updating Model file from 30000 to latest format...
Loaded model model_scaled from file /home/mitkof6/dev/groundForceReaction/src/dflow_method/scale/model_scaled.osim
ControllerSet 'Controllers' was renamed and is being reset to 'controllerset'.
ComponentSet 'MiscComponents' was renamed and is being reset to 'componentset'.
Storage: read data file =/home/mitkof6/dev/groundForceReaction/src/dflow_method/inverse_kinematics/task_InverseKinematics.mot (nr=151 nc=20)
Updating Model file from 30000 to latest format...
Loaded model model_scaled from file /home/mitkof6/dev/groundForceReaction/src/dflow_method/scale/model_scaled.osim
ControllerSet 'Controllers' was renamed and is being reset to 'controllerset'.
ComponentSet 'MiscComponents' was renamed and is being reset to 'componentset'.
Storage: read data file =/home/mitkof6/dev/groundForceReaction/src/dflow_method/inverse_dynamics/task_InverseDynamics.sto (nr=151 nc=20)
Updating Model file from 30000 to latest format...
Loaded model model_scaled from file /home/mitkof6/dev/groundForceReaction/src/dflow_method/scale/model_scaled.osim
ControllerSet 'Controllers' was renamed and is being reset to 'controllerset'.
ComponentSet 'MiscComponents' was renamed and is being reset to 'componentset'.
Storage: read data file =/home/mitkof6/dev/groundForceReaction/src/dflow_method/inverse_kinematics/task_InverseKinematics.mot (nr=151 nc=20)
Updating Model file from 30000 to latest format...
Loaded model model_scaled from file /home/mitkof6/dev/groundForceReaction/src/dflow_method/scale/model_scaled.osim
ControllerSet 'Controllers' was renamed and is being reset to 'controllerset'.
ComponentSet 'MiscComponents' was renamed and is being reset to 'componentset'.
Storage: read data file =/home/mitkof6/dev/groundForceReaction/src/dflow_method/inverse_dynamics/task_InverseDynamics.sto (nr=151 nc=20)
Updating Model file from 30000 to latest format...
Loaded model model_scaled from file /home/mitkof6/dev/groundForceReaction/src/dflow_method/scale/model_scaled.osim
ControllerSet 'Controllers' was renamed and is being reset to 'controllerset'.
ComponentSet 'MiscComponents' was renamed and is being reset to 'componentset'.
Storage: read data file =/home/mitkof6/dev/groundForceReaction/src/dflow_method/inverse_kinematics/task_InverseKinematics.mot (nr=151 nc=20)
Updating Model file from 30000 to latest format...
Loaded model model_scaled from file /home/mitkof6/dev/groundForceReaction/src/dflow_method/scale/model_scaled.osim
ControllerSet 'Controllers' was renamed and is being reset to 'controllerset'.
ComponentSet 'MiscComponents' was renamed and is being reset to 'componentset'.
Storage: read data file =/home/mitkof6/dev/groundForceReaction/src/dflow_method/inverse_dynamics/task_InverseDynamics.sto (nr=151 nc=20)
Updating Model file from 30000 to latest format...
Loaded model model_scaled from file /home/mitkof6/dev/groundForceReaction/src/dflow_method/scale/model_scaled.osim
ControllerSet 'Controllers' was renamed and is being reset to 'controllerset'.
ComponentSet 'MiscComponents' was renamed and is being reset to 'componentset'.
Storage: read data file =/home/mitkof6/dev/groundForceReaction/src/dflow_method/inverse_kinematics/task_InverseKinematics.mot (nr=151 nc=20)
Updating Model file from 30000 to latest format...
Loaded model model_scaled from file /home/mitkof6/dev/groundForceReaction/src/dflow_method/scale/model_scaled.osim
ControllerSet 'Controllers' was renamed and is being reset to 'controllerset'.
ComponentSet 'MiscComponents' was renamed and is being reset to 'componentset'.
Storage: read data file =/home/mitkof6/dev/groundForceReaction/src/dflow_method/inverse_dynamics/task_InverseDynamics.sto (nr=151 nc=20)
Updating Model file from 30000 to latest format...
Loaded model model_scaled from file /home/mitkof6/dev/groundForceReaction/src/dflow_method/scale/model_scaled.osim
ControllerSet 'Controllers' was renamed and is being reset to 'controllerset'.
ComponentSet 'MiscComponents' was renamed and is being reset to 'componentset'.
Storage: read data file =/home/mitkof6/dev/groundForceReaction/src/dflow_method/inverse_kinematics/task_InverseKinematics.mot (nr=151 nc=20)
Updating Model file from 30000 to latest format...
Loaded model model_scaled from file /home/mitkof6/dev/groundForceReaction/src/dflow_method/scale/model_scaled.osim
ControllerSet 'Controllers' was renamed and is being reset to 'controllerset'.
ComponentSet 'MiscComponents' was renamed and is being reset to 'componentset'.
Storage: read data file =/home/mitkof6/dev/groundForceReaction/src/dflow_method/inverse_dynamics/task_InverseDynamics.sto (nr=151 nc=20)
Updating Model file from 30000 to latest format...
Loaded model model_scaled from file /home/mitkof6/dev/groundForceReaction/src/dflow_method/scale/model_scaled.osim
ControllerSet 'Controllers' was renamed and is being reset to 'controllerset'.
ComponentSet 'MiscComponents' was renamed and is being reset to 'componentset'.
Storage: read data file =/home/mitkof6/dev/groundForceReaction/src/dflow_method/inverse_kinematics/task_InverseKinematics.mot (nr=151 nc=20)
Updating Model file from 30000 to latest format...
Loaded model model_scaled from file /home/mitkof6/dev/groundForceReaction/src/dflow_method/scale/model_scaled.osim
ControllerSet 'Controllers' was renamed and is being reset to 'controllerset'.
ComponentSet 'MiscComponents' was renamed and is being reset to 'componentset'.
Storage: read data file =/home/mitkof6/dev/groundForceReaction/src/dflow_method/inverse_dynamics/task_InverseDynamics.sto (nr=151 nc=20)
Updating Model file from 30000 to latest format...
Loaded model model_scaled from file /home/mitkof6/dev/groundForceReaction/src/dflow_method/scale/model_scaled.osim
ControllerSet 'Controllers' was renamed and is being reset to 'controllerset'.
ComponentSet 'MiscComponents' was renamed and is being reset to 'componentset'.
Storage: read data file =/home/mitkof6/dev/groundForceReaction/src/dflow_method/inverse_kinematics/task_InverseKinematics.mot (nr=151 nc=20)
Updating Model file from 30000 to latest format...
Loaded model model_scaled from file /home/mitkof6/dev/groundForceReaction/src/dflow_method/scale/model_scaled.osim
ControllerSet 'Controllers' was renamed and is being reset to 'controllerset'.
ComponentSet 'MiscComponents' was renamed and is being reset to 'componentset'.
Storage: read data file =/home/mitkof6/dev/groundForceReaction/src/dflow_method/inverse_dynamics/task_InverseDynamics.sto (nr=151 nc=20)
Updating Model file from 30000 to latest format...
Loaded model model_scaled from file /home/mitkof6/dev/groundForceReaction/src/dflow_method/scale/model_scaled.osim
ControllerSet 'Controllers' was renamed and is being reset to 'controllerset'.
ComponentSet 'MiscComponents' was renamed and is being reset to 'componentset'.
Storage: read data file =/home/mitkof6/dev/groundForceReaction/src/dflow_method/inverse_kinematics/task_InverseKinematics.mot (nr=151 nc=20)
Updating Model file from 30000 to latest format...
Loaded model model_scaled from file /home/mitkof6/dev/groundForceReaction/src/dflow_method/scale/model_scaled.osim
ControllerSet 'Controllers' was renamed and is being reset to 'controllerset'.
ComponentSet 'MiscComponents' was renamed and is being reset to 'componentset'.
Storage: read data file =/home/mitkof6/dev/groundForceReaction/src/dflow_method/inverse_dynamics/task_InverseDynamics.sto (nr=151 nc=20)
Updating Model file from 30000 to latest format...
Loaded model model_scaled from file /home/mitkof6/dev/groundForceReaction/src/dflow_method/scale/model_scaled.osim
ControllerSet 'Controllers' was renamed and is being reset to 'controllerset'.
ComponentSet 'MiscComponents' was renamed and is being reset to 'componentset'.
Storage: read data file =/home/mitkof6/dev/groundForceReaction/src/dflow_method/inverse_kinematics/task_InverseKinematics.mot (nr=151 nc=20)
Updating Model file from 30000 to latest format...
Loaded model model_scaled from file /home/mitkof6/dev/groundForceReaction/src/dflow_method/scale/model_scaled.osim
ControllerSet 'Controllers' was renamed and is being reset to 'controllerset'.
ComponentSet 'MiscComponents' was renamed and is being reset to 'componentset'.
Storage: read data file =/home/mitkof6/dev/groundForceReaction/src/dflow_method/inverse_dynamics/task_InverseDynamics.sto (nr=151 nc=20)
Updating Model file from 30000 to latest format...
Loaded model model_scaled from file /home/mitkof6/dev/groundForceReaction/src/dflow_method/scale/model_scaled.osim
ControllerSet 'Controllers' was renamed and is being reset to 'controllerset'.
ComponentSet 'MiscComponents' was renamed and is being reset to 'componentset'.
Storage: read data file =/home/mitkof6/dev/groundForceReaction/src/dflow_method/inverse_kinematics/task_InverseKinematics.mot (nr=151 nc=20)
Updating Model file from 30000 to latest format...
Loaded model model_scaled from file /home/mitkof6/dev/groundForceReaction/src/dflow_method/scale/model_scaled.osim
ControllerSet 'Controllers' was renamed and is being reset to 'controllerset'.
ComponentSet 'MiscComponents' was renamed and is being reset to 'componentset'.
Storage: read data file =/home/mitkof6/dev/groundForceReaction/src/dflow_method/inverse_dynamics/task_InverseDynamics.sto (nr=151 nc=20)
